app/build/intermediates/manifest_merge_blame_file/debug/manifest-merger-blame-debug-report.txt
1<?xml version="1.0" encoding="utf-8"?>
2<manifest xmlns:android="http://schemas.android.com/apk/res/android"
3    package="com.elimnet.kcgvc"
4    android:versionCode="2"
5    android:versionName="2.0" >
6
7    <uses-sdk
7-->src/main/AndroidManifest.xml:7:5-47
8        android:minSdkVersion="16"
8-->src/main/AndroidManifest.xml:7:5-47
9        android:targetSdkVersion="17" />
9-->src/main/AndroidManifest.xml:7:15-44
10
11    <uses-permission android:name="android.permission.VIBRATE" />
11-->src/main/AndroidManifest.xml:9:5-66
11-->src/main/AndroidManifest.xml:9:22-63
12    <uses-permission android:name="android.permission.CAMERA" />
12-->src/main/AndroidManifest.xml:10:5-65
12-->src/main/AndroidManifest.xml:10:22-62
13    <uses-permission android:name="android.permission.INTERNET" />
13-->src/main/AndroidManifest.xml:11:5-67
13-->src/main/AndroidManifest.xml:11:22-64
14    <uses-permission android:name="android.permission.ACCESS_NETWORK_STATE" />
14-->src/main/AndroidManifest.xml:12:5-79
14-->src/main/AndroidManifest.xml:12:22-76
15    <uses-permission android:name="android.permission.WAKE_LOCK" />
15-->src/main/AndroidManifest.xml:13:5-68
15-->src/main/AndroidManifest.xml:13:22-65
16    <uses-permission android:name="android.permission.RECORD_AUDIO" />
16-->src/main/AndroidManifest.xml:14:5-71
16-->src/main/AndroidManifest.xml:14:22-68
17    <uses-permission android:name="android.permission.MODIFY_AUDIO_SETTINGS" />
17-->src/main/AndroidManifest.xml:15:5-80
17-->src/main/AndroidManifest.xml:15:22-77
18    <uses-permission android:name="android.permission.SYSTEM_ALERT_WINDOW" />
18-->src/main/AndroidManifest.xml:16:5-78
18-->src/main/AndroidManifest.xml:16:22-75
19    <uses-permission android:name="android.permission.READ_PHONE_STATE" />
19-->src/main/AndroidManifest.xml:17:5-75
19-->src/main/AndroidManifest.xml:17:22-72
20    <uses-permission android:name="android.permission.WRITE_EXTERNAL_STORAGE" />
20-->src/main/AndroidManifest.xml:18:5-81
20-->src/main/AndroidManifest.xml:18:22-78
21    <uses-permission android:name="android.permission.BLUETOOTH" />
21-->src/main/AndroidManifest.xml:19:5-68
21-->src/main/AndroidManifest.xml:19:22-65
22    <uses-permission android:name="android.permission.BROADCAST_STICKY" />
22-->src/main/AndroidManifest.xml:20:5-75
22-->src/main/AndroidManifest.xml:20:22-72
23    <uses-permission android:name="android.permission.READ_LOGS" />
23-->src/main/AndroidManifest.xml:21:5-68
23-->src/main/AndroidManifest.xml:21:22-65
24
25    <uses-feature android:name="android.hardware.camera" />
25-->src/main/AndroidManifest.xml:23:5-60
25-->src/main/AndroidManifest.xml:23:19-57
26    <uses-feature
26-->src/main/AndroidManifest.xml:24:5-26:36
27        android:name="android.hardware.camera.autofocus"
27-->src/main/AndroidManifest.xml:25:9-57
28        android:required="false" />
28-->src/main/AndroidManifest.xml:26:9-33
29
30    <uses-permission android:name="android.permission.READ_EXTERNAL_STORAGE" />
30-->src/main/AndroidManifest.xml:28:5-80
30-->src/main/AndroidManifest.xml:28:22-77
31
32    <application
32-->src/main/AndroidManifest.xml:30:5-53:19
33        android:name="com.elimnet.kcgvc.VidyoSampleApplication"
33-->src/main/AndroidManifest.xml:31:9-47
34        android:debuggable="true"
35        android:icon="@drawable/ic_launcher"
35-->src/main/AndroidManifest.xml:32:9-45
36        android:label="@string/app_name"
36-->src/main/AndroidManifest.xml:33:9-41
37        android:testOnly="true"
38        android:theme="@style/SplashTheme" >
38-->src/main/AndroidManifest.xml:34:9-43
39        <activity
39-->src/main/AndroidManifest.xml:35:9-40:20
40            android:name="com.elimnet.kcgvc.SplashActivity"
40-->src/main/AndroidManifest.xml:36:13-43
41            android:label="@string/title_activity_splash" >
41-->src/main/AndroidManifest.xml:37:13-58
42        </activity>
43        <activity
43-->src/main/AndroidManifest.xml:41:9-52:20
44            android:name="com.elimnet.kcgvc.VidyoSampleActivity"
44-->src/main/AndroidManifest.xml:42:13-48
45            android:configChanges="orientation|screenSize"
45-->src/main/AndroidManifest.xml:43:13-59
46            android:label="@string/app_name"
46-->src/main/AndroidManifest.xml:45:13-45
47            android:launchMode="singleTop" >
47-->src/main/AndroidManifest.xml:44:13-43
48            <intent-filter>
48-->src/main/AndroidManifest.xml:46:13-50:29
49                <action android:name="android.intent.action.MAIN" />
49-->src/main/AndroidManifest.xml:47:17-69
49-->src/main/AndroidManifest.xml:47:25-66
50
51                <category android:name="android.intent.category.LAUNCHER" />
51-->src/main/AndroidManifest.xml:49:17-77
51-->src/main/AndroidManifest.xml:49:27-74
52            </intent-filter>
53        </activity>
54    </application>
55
56</manifest>